PRAGMA foreign_keys=OFF;
BEGIN TRANSACTION;
CREATE TABLE "schema_migrations" ("version" varchar(255) NOT NULL);
INSERT INTO "schema_migrations" VALUES('20130211150704');
INSERT INTO "schema_migrations" VALUES('20130211165322');
CREATE TABLE "challengers" ("id" INTEGER PRIMARY KEY AUTOINCREMENT NOT NULL, "name" varchar(255), "email" varchar(255), "created_at" datetime NOT NULL, "updated_at" datetime NOT NULL);
INSERT INTO "challengers" VALUES(1,'Rob','rgordon@smumn.edu','2013-02-11 15:26:21.971750','2013-02-11 15:26:21.971750');
INSERT INTO "challengers" VALUES(2,'Marta','MXALES11 @smumn.edu','2013-02-11 16:43:02.672286','2013-02-11 16:43:02.672286');
INSERT INTO "challengers" VALUES(3,'Joe','JPBUDI11 @smumn.edu','2013-02-11 16:43:33.160063','2013-02-11 16:43:33.160063');
INSERT INTO "challengers" VALUES(4,'Dan','DBHAUG11 @smumn.edu','2013-02-11 16:43:54.827991','2013-02-11 16:43:54.827991');
INSERT INTO "challengers" VALUES(5,'David','DJCORP10 @smumn.edu','2013-02-11 16:44:22.968303','2013-02-11 16:44:22.968303');
INSERT INTO "challengers" VALUES(6,'Dylan','DLETHE10 @smumn.edu','2013-02-11 16:44:43.793726','2013-02-11 16:44:43.793726');
INSERT INTO "challengers" VALUES(7,'Gabe','GBGRUN10 @smumn.edu','2013-02-11 16:45:02.902333','2013-02-11 16:45:02.902333');
INSERT INTO "challengers" VALUES(8,'Hans','ehheuk07 @smumn.edu','2013-02-11 16:45:22.459411','2013-02-11 16:45:22.459411');
INSERT INTO "challengers" VALUES(9,'Lyric','LLHUPP09 @smumn.edu','2013-02-11 16:45:39.779752','2013-02-11 16:45:39.779752');
INSERT INTO "challengers" VALUES(10,'Talib','TMKHAN10 @smumn.edu','2013-02-11 16:45:59.201162','2013-02-11 16:45:59.201162');
INSERT INTO "challengers" VALUES(11,'Owen','ODKUEM09 @smumn.edu','2013-02-11 16:46:17.281331','2013-02-11 16:46:17.281331');
INSERT INTO "challengers" VALUES(12,'Nathan','nlloyd @smumn.edu','2013-02-11 16:46:38.596074','2013-02-11 16:46:38.596074');
INSERT INTO "challengers" VALUES(13,'Nick','NPBALD12 @smumn.edu 	','2013-02-11 16:47:07.355919','2013-02-11 16:47:07.355919');
INSERT INTO "challengers" VALUES(14,'PJ','PJHELL11 @smumn.edu','2013-02-11 16:47:27.291877','2013-02-11 16:47:27.291877');
INSERT INTO "challengers" VALUES(15,'Josh','JDKORV11 @smumn.edu','2013-02-11 16:47:47.219233','2013-02-11 16:47:47.219233');
INSERT INTO "challengers" VALUES(16,'Kasha','KJPLAW12 @smumn.edu','2013-02-11 16:48:08.657927','2013-02-11 16:48:08.657927');
INSERT INTO "challengers" VALUES(17,'Saron','SMYIFR11 @smumn.edu','2013-02-11 16:48:27.652765','2013-02-11 16:48:27.652765');
DELETE FROM sqlite_sequence;
INSERT INTO "sqlite_sequence" VALUES('challengers',17);
CREATE UNIQUE INDEX "unique_schema_migrations" ON "schema_migrations" ("version");
COMMIT;
